.\bin\Zeus.pdb
C:\USERS\ADMINISTRATOR\DESKTOP\SMALLSIZE\BIN\ZEUS.EXE
C:\USERS\ADMINISTRATOR\DESKTOP\SMALLSIZE\COMPILE\RELEASE\ACTIONMODULE.OBJ
C:\USERS\ADMINISTRATOR\DESKTOP\SMALLSIZE\COMPILE\RELEASE\ADVANCEBALLV1.OBJ
C:\USERS\ADMINISTRATOR\DESKTOP\SMALLSIZE\COMPILE\RELEASE\ADVANCEBALLV2.OBJ
C:\USERS\ADMINISTRATOR\DESKTOP\SMALLSIZE\COMPILE\RELEASE\ATOMPOS.OBJ
C:\USERS\ADMINISTRATOR\DESKTOP\SMALLSIZE\COMPILE\RELEASE\ATTRIBUTESET.OBJ
C:\USERS\ADMINISTRATOR\DESKTOP\SMALLSIZE\COMPILE\RELEASE\BALLPREDICTOR.OBJ
C:\USERS\ADMINISTRATOR\DESKTOP\SMALLSIZE\COMPILE\RELEASE\BALLSPEEDMODEL.OBJ
C:\USERS\ADMINISTRATOR\DESKTOP\SMALLSIZE\COMPILE\RELEASE\BALLSTATUS.OBJ
C:\USERS\ADMINISTRATOR\DESKTOP\SMALLSIZE\COMPILE\RELEASE\BASICPLAY.OBJ
C:\USERS\ADMINISTRATOR\DESKTOP\SMALLSIZE\COMPILE\RELEASE\BAYESFILTER.OBJ
C:\USERS\ADMINISTRATOR\DESKTOP\SMALLSIZE\COMPILE\RELEASE\BAYESPARAM.OBJ
C:\USERS\ADMINISTRATOR\DESKTOP\SMALLSIZE\COMPILE\RELEASE\BAYESREADER.OBJ
C:\USERS\ADMINISTRATOR\DESKTOP\SMALLSIZE\COMPILE\RELEASE\BESTPLAYER.OBJ
C:\USERS\ADMINISTRATOR\DESKTOP\SMALLSIZE\COMPILE\RELEASE\BUFFERCOUNTER.OBJ
C:\USERS\ADMINISTRATOR\DESKTOP\SMALLSIZE\COMPILE\RELEASE\CHASEKICKV1.OBJ
C:\USERS\ADMINISTRATOR\DESKTOP\SMALLSIZE\COMPILE\RELEASE\CHASEKICKV2.OBJ
C:\USERS\ADMINISTRATOR\DESKTOP\SMALLSIZE\COMPILE\RELEASE\CHIPBALLJUDGE.OBJ
C:\USERS\ADMINISTRATOR\DESKTOP\SMALLSIZE\COMPILE\RELEASE\CMMOTION.OBJ
C:\USERS\ADMINISTRATOR\DESKTOP\SMALLSIZE\COMPILE\RELEASE\COLLISIONSIMULATOR.OBJ
C:\USERS\ADMINISTRATOR\DESKTOP\SMALLSIZE\COMPILE\RELEASE\COMMANDSENDER.OBJ
C:\USERS\ADMINISTRATOR\DESKTOP\SMALLSIZE\COMPILE\RELEASE\COMMCONTROL.OBJ
C:\USERS\ADMINISTRATOR\DESKTOP\SMALLSIZE\COMPILE\RELEASE\COMPENSATE.OBJ
C:\USERS\ADMINISTRATOR\DESKTOP\SMALLSIZE\COMPILE\RELEASE\CONFIGREADER.OBJ
C:\USERS\ADMINISTRATOR\DESKTOP\SMALLSIZE\COMPILE\RELEASE\CONTACTCHECKER.OBJ
C:\USERS\ADMINISTRATOR\DESKTOP\SMALLSIZE\COMPILE\RELEASE\CONTROLMODEL.OBJ
C:\USERS\ADMINISTRATOR\DESKTOP\SMALLSIZE\COMPILE\RELEASE\CORNERAREAPOS.OBJ
C:\USERS\ADMINISTRATOR\DESKTOP\SMALLSIZE\COMPILE\RELEASE\CRAZYPUSH.OBJ
C:\USERS\ADMINISTRATOR\DESKTOP\SMALLSIZE\COMPILE\RELEASE\CRC.OBJ
C:\USERS\ADMINISTRATOR\DESKTOP\SMALLSIZE\COMPILE\RELEASE\CTRLBREAKHANDLER.OBJ
C:\USERS\ADMINISTRATOR\DESKTOP\SMALLSIZE\COMPILE\RELEASE\CUBICEQUATION.OBJ
C:\USERS\ADMINISTRATOR\DESKTOP\SMALLSIZE\COMPILE\RELEASE\DECISIONMODULE.OBJ
C:\USERS\ADMINISTRATOR\DESKTOP\SMALLSIZE\COMPILE\RELEASE\DEFAULTPOS.OBJ
C:\USERS\ADMINISTRATOR\DESKTOP\SMALLSIZE\COMPILE\RELEASE\DEFENCEINFO.OBJ
C:\USERS\ADMINISTRATOR\DESKTOP\SMALLSIZE\COMPILE\RELEASE\DEFENDUTILS.OBJ
C:\USERS\ADMINISTRATOR\DESKTOP\SMALLSIZE\COMPILE\RELEASE\DEFPOS1G2D.OBJ
C:\USERS\ADMINISTRATOR\DESKTOP\SMALLSIZE\COMPILE\RELEASE\DEFPOS2013.OBJ
C:\USERS\ADMINISTRATOR\DESKTOP\SMALLSIZE\COMPILE\RELEASE\DRIBBLETURN.OBJ
C:\USERS\ADMINISTRATOR\DESKTOP\SMALLSIZE\COMPILE\RELEASE\DRIBBLETURNKICK.OBJ
C:\USERS\ADMINISTRATOR\DESKTOP\SMALLSIZE\COMPILE\RELEASE\DRIFTKICK.OBJ
C:\USERS\ADMINISTRATOR\DESKTOP\SMALLSIZE\COMPILE\RELEASE\DYNAMICSSAFETYSEARCH.OBJ
C:\USERS\ADMINISTRATOR\DESKTOP\SMALLSIZE\COMPILE\RELEASE\ENEMYDEFENDTACTICANALYS.OBJ
C:\USERS\ADMINISTRATOR\DESKTOP\SMALLSIZE\COMPILE\RELEASE\ENEMYDEFENDTACTICAREA.OBJ
C:\USERS\ADMINISTRATOR\DESKTOP\SMALLSIZE\COMPILE\RELEASE\ENEMYSITUATION.OBJ
C:\USERS\ADMINISTRATOR\DESKTOP\SMALLSIZE\COMPILE\RELEASE\FACTORY.OBJ
C:\USERS\ADMINISTRATOR\DESKTOP\SMALLSIZE\COMPILE\RELEASE\FILTEREDOBJECT.OBJ
C:\USERS\ADMINISTRATOR\DESKTOP\SMALLSIZE\COMPILE\RELEASE\FORCESTARTRUSH.OBJ
C:\USERS\ADMINISTRATOR\DESKTOP\SMALLSIZE\COMPILE\RELEASE\FREEKICKUTILS.OBJ
C:\USERS\ADMINISTRATOR\DESKTOP\SMALLSIZE\COMPILE\RELEASE\GDEBUGENGINE.OBJ
C:\USERS\ADMINISTRATOR\DESKTOP\SMALLSIZE\COMPILE\RELEASE\GEOMETRY.OBJ
C:\USERS\ADMINISTRATOR\DESKTOP\SMALLSIZE\COMPILE\RELEASE\GETBALLV3.OBJ
C:\USERS\ADMINISTRATOR\DESKTOP\SMALLSIZE\COMPILE\RELEASE\GLOBAL.OBJ
C:\USERS\ADMINISTRATOR\DESKTOP\SMALLSIZE\COMPILE\RELEASE\GOALIE2013.OBJ
C:\USERS\ADMINISTRATOR\DESKTOP\SMALLSIZE\COMPILE\RELEASE\GOALIEPOSV1.OBJ
C:\USERS\ADMINISTRATOR\DESKTOP\SMALLSIZE\COMPILE\RELEASE\GOANDTURN.OBJ
C:\USERS\ADMINISTRATOR\DESKTOP\SMALLSIZE\COMPILE\RELEASE\GOANDTURNKICK.OBJ
C:\USERS\ADMINISTRATOR\DESKTOP\SMALLSIZE\COMPILE\RELEASE\GOANDTURNKICKV3.OBJ
C:\USERS\ADMINISTRATOR\DESKTOP\SMALLSIZE\COMPILE\RELEASE\GOAROUNDBALL.OBJ
C:\USERS\ADMINISTRATOR\DESKTOP\SMALLSIZE\COMPILE\RELEASE\GOAROUNDROBOT.OBJ
C:\USERS\ADMINISTRATOR\DESKTOP\SMALLSIZE\COMPILE\RELEASE\GOAVOIDSHOOTLINE.OBJ
C:\USERS\ADMINISTRATOR\DESKTOP\SMALLSIZE\COMPILE\RELEASE\GOTOPOSITION.OBJ
C:\USERS\ADMINISTRATOR\DESKTOP\SMALLSIZE\COMPILE\RELEASE\GPUBESTALGTHREAD.OBJ
C:\USERS\ADMINISTRATOR\DESKTOP\SMALLSIZE\COMPILE\RELEASE\HTTPSERVER.OBJ
C:\USERS\ADMINISTRATOR\DESKTOP\SMALLSIZE\COMPILE\RELEASE\INDIRECTDEFENDER.OBJ
C:\USERS\ADMINISTRATOR\DESKTOP\SMALLSIZE\COMPILE\RELEASE\INTERCEPTBALLV3.OBJ
C:\USERS\ADMINISTRATOR\DESKTOP\SMALLSIZE\COMPILE\RELEASE\KICKDIRECTION.OBJ
C:\USERS\ADMINISTRATOR\DESKTOP\SMALLSIZE\COMPILE\RELEASE\KICKOFFDEFPOSV2.OBJ
C:\USERS\ADMINISTRATOR\DESKTOP\SMALLSIZE\COMPILE\RELEASE\LUA_ZEUS.OBJ
C:\USERS\ADMINISTRATOR\DESKTOP\SMALLSIZE\COMPILE\RELEASE\LUAMODULE.OBJ
C:\USERS\ADMINISTRATOR\DESKTOP\SMALLSIZE\COMPILE\RELEASE\MARKING.OBJ
C:\USERS\ADMINISTRATOR\DESKTOP\SMALLSIZE\COMPILE\RELEASE\MARKINGFRONT.OBJ
C:\USERS\ADMINISTRATOR\DESKTOP\SMALLSIZE\COMPILE\RELEASE\MARKINGPOSV2.OBJ
C:\USERS\ADMINISTRATOR\DESKTOP\SMALLSIZE\COMPILE\RELEASE\MARKINGTOUCH.OBJ
C:\USERS\ADMINISTRATOR\DESKTOP\SMALLSIZE\COMPILE\RELEASE\MARKINGTOUCHPOS.OBJ
C:\USERS\ADMINISTRATOR\DESKTOP\SMALLSIZE\COMPILE\RELEASE\MATCHSTATE.OBJ
C:\USERS\ADMINISTRATOR\DESKTOP\SMALLSIZE\COMPILE\RELEASE\MATRIX.OBJ
C:\USERS\ADMINISTRATOR\DESKTOP\SMALLSIZE\COMPILE\RELEASE\MESSAGE.OBJ
C:\USERS\ADMINISTRATOR\DESKTOP\SMALLSIZE\COMPILE\RELEASE\MUNKRES.OBJ
C:\USERS\ADMINISTRATOR\DESKTOP\SMALLSIZE\COMPILE\RELEASE\MUNKRESTACTICPOSITIONMATCHER.OBJ
C:\USERS\ADMINISTRATOR\DESKTOP\SMALLSIZE\COMPILE\RELEASE\NONETRAPZODALVELTRAJECTORY.OBJ
C:\USERS\ADMINISTRATOR\DESKTOP\SMALLSIZE\COMPILE\RELEASE\NORMALPLAYUTILS.OBJ
C:\USERS\ADMINISTRATOR\DESKTOP\SMALLSIZE\COMPILE\RELEASE\OBSTACLE.OBJ
C:\USERS\ADMINISTRATOR\DESKTOP\SMALLSIZE\COMPILE\RELEASE\OPPATTRIBUTESFACTORY.OBJ
C:\USERS\ADMINISTRATOR\DESKTOP\SMALLSIZE\COMPILE\RELEASE\OPPPLAYER.OBJ
C:\USERS\ADMINISTRATOR\DESKTOP\SMALLSIZE\COMPILE\RELEASE\OPPROLEFACTORY.OBJ
C:\USERS\ADMINISTRATOR\DESKTOP\SMALLSIZE\COMPILE\RELEASE\OPPROLEMATCHER.OBJ
C:\USERS\ADMINISTRATOR\DESKTOP\SMALLSIZE\COMPILE\RELEASE\OPTIONMODULE.OBJ
C:\USERS\ADMINISTRATOR\DESKTOP\SMALLSIZE\COMPILE\RELEASE\PARAM.OBJ
C:\USERS\ADMINISTRATOR\DESKTOP\SMALLSIZE\COMPILE\RELEASE\PARAMREADER.OBJ
C:\USERS\ADMINISTRATOR\DESKTOP\SMALLSIZE\COMPILE\RELEASE\PASSBALL.OBJ
C:\USERS\ADMINISTRATOR\DESKTOP\SMALLSIZE\COMPILE\RELEASE\PATH_PLANNER.OBJ
C:\USERS\ADMINISTRATOR\DESKTOP\SMALLSIZE\COMPILE\RELEASE\PATHPLANNER.OBJ
C:\USERS\ADMINISTRATOR\DESKTOP\SMALLSIZE\COMPILE\RELEASE\PENALTYDEFV1.OBJ
C:\USERS\ADMINISTRATOR\DESKTOP\SMALLSIZE\COMPILE\RELEASE\PENALTYDEFV2.OBJ
C:\USERS\ADMINISTRATOR\DESKTOP\SMALLSIZE\COMPILE\RELEASE\PENALTYGOALIE2012.OBJ
C:\USERS\ADMINISTRATOR\DESKTOP\SMALLSIZE\COMPILE\RELEASE\PENALTYKICK2013.OBJ
C:\USERS\ADMINISTRATOR\DESKTOP\SMALLSIZE\COMPILE\RELEASE\PENALTYKICK2014.OBJ
C:\USERS\ADMINISTRATOR\DESKTOP\SMALLSIZE\COMPILE\RELEASE\PENALTYPOSCLEANER.OBJ
C:\USERS\ADMINISTRATOR\DESKTOP\SMALLSIZE\COMPILE\RELEASE\PLAYBOOK.OBJ
C:\USERS\ADMINISTRATOR\DESKTOP\SMALLSIZE\COMPILE\RELEASE\PLAYERCOMMANDV2.OBJ
C:\USERS\ADMINISTRATOR\DESKTOP\SMALLSIZE\COMPILE\RELEASE\PLAYERTASK.OBJ
C:\USERS\ADMINISTRATOR\DESKTOP\SMALLSIZE\COMPILE\RELEASE\PLAYINTERFACE.OBJ
C:\USERS\ADMINISTRATOR\DESKTOP\SMALLSIZE\COMPILE\RELEASE\PROTECTBALL.OBJ
C:\USERS\ADMINISTRATOR\DESKTOP\SMALLSIZE\COMPILE\RELEASE\QUADRATICEQUATION.OBJ
C:\USERS\ADMINISTRATOR\DESKTOP\SMALLSIZE\COMPILE\RELEASE\QUARTICEQUATION.OBJ
C:\USERS\ADMINISTRATOR\DESKTOP\SMALLSIZE\COMPILE\RELEASE\RADIOPACKETS.OBJ
C:\USERS\ADMINISTRATOR\DESKTOP\SMALLSIZE\COMPILE\RELEASE\RADIOPACKETSLOG.OBJ
C:\USERS\ADMINISTRATOR\DESKTOP\SMALLSIZE\COMPILE\RELEASE\RECEIVEPASS.OBJ
C:\USERS\ADMINISTRATOR\DESKTOP\SMALLSIZE\COMPILE\RELEASE\RECOGNIZER.OBJ
C:\USERS\ADMINISTRATOR\DESKTOP\SMALLSIZE\COMPILE\RELEASE\REFEREE.PB.OBJ
C:\USERS\ADMINISTRATOR\DESKTOP\SMALLSIZE\COMPILE\RELEASE\REFEREEBOXIF.OBJ
C:\USERS\ADMINISTRATOR\DESKTOP\SMALLSIZE\COMPILE\RELEASE\ROBOTCAPABILITY.OBJ
C:\USERS\ADMINISTRATOR\DESKTOP\SMALLSIZE\COMPILE\RELEASE\ROBOTPREDICTERROR.OBJ
C:\USERS\ADMINISTRATOR\DESKTOP\SMALLSIZE\COMPILE\RELEASE\ROBOTPREDICTOR.OBJ
C:\USERS\ADMINISTRATOR\DESKTOP\SMALLSIZE\COMPILE\RELEASE\ROBOTSCOLLISION.OBJ
C:\USERS\ADMINISTRATOR\DESKTOP\SMALLSIZE\COMPILE\RELEASE\ROBOTSENSOR.OBJ
C:\USERS\ADMINISTRATOR\DESKTOP\SMALLSIZE\COMPILE\RELEASE\RRTPATHPLANNER.OBJ
C:\USERS\ADMINISTRATOR\DESKTOP\SMALLSIZE\COMPILE\RELEASE\SERIALPORT.OBJ
C:\USERS\ADMINISTRATOR\DESKTOP\SMALLSIZE\COMPILE\RELEASE\SERVER_I.OBJ
C:\USERS\ADMINISTRATOR\DESKTOP\SMALLSIZE\COMPILE\RELEASE\SERVERINTERFACE.OBJ
C:\USERS\ADMINISTRATOR\DESKTOP\SMALLSIZE\COMPILE\RELEASE\SHOOTBALL.OBJ
C:\USERS\ADMINISTRATOR\DESKTOP\SMALLSIZE\COMPILE\RELEASE\SHOOTBALLV2.OBJ
C:\USERS\ADMINISTRATOR\DESKTOP\SMALLSIZE\COMPILE\RELEASE\SHOOTRANGELIST.OBJ
C:\USERS\ADMINISTRATOR\DESKTOP\SMALLSIZE\COMPILE\RELEASE\SIMULATOR.OBJ
C:\USERS\ADMINISTRATOR\DESKTOP\SMALLSIZE\COMPILE\RELEASE\SLOWGETBALL.OBJ
C:\USERS\ADMINISTRATOR\DESKTOP\SMALLSIZE\COMPILE\RELEASE\SMARTGOTOPOSITION.OBJ
C:\USERS\ADMINISTRATOR\DESKTOP\SMALLSIZE\COMPILE\RELEASE\SPEED.OBJ
C:\USERS\ADMINISTRATOR\DESKTOP\SMALLSIZE\COMPILE\RELEASE\STOPROBOT.OBJ
C:\USERS\ADMINISTRATOR\DESKTOP\SMALLSIZE\COMPILE\RELEASE\TANDEM.OBJ
C:\USERS\ADMINISTRATOR\DESKTOP\SMALLSIZE\COMPILE\RELEASE\TANDEMPOS.OBJ
C:\USERS\ADMINISTRATOR\DESKTOP\SMALLSIZE\COMPILE\RELEASE\TESTCIRCLEBALL.OBJ
C:\USERS\ADMINISTRATOR\DESKTOP\SMALLSIZE\COMPILE\RELEASE\TESTSKILLPLAY.OBJ
C:\USERS\ADMINISTRATOR\DESKTOP\SMALLSIZE\COMPILE\RELEASE\TIMECOUNTER.OBJ
C:\USERS\ADMINISTRATOR\DESKTOP\SMALLSIZE\COMPILE\RELEASE\TIMEDELAYTEST.OBJ
C:\USERS\ADMINISTRATOR\DESKTOP\SMALLSIZE\COMPILE\RELEASE\TINYSTR.OBJ
C:\USERS\ADMINISTRATOR\DESKTOP\SMALLSIZE\COMPILE\RELEASE\TINYXML.OBJ
C:\USERS\ADMINISTRATOR\DESKTOP\SMALLSIZE\COMPILE\RELEASE\TINYXMLERROR.OBJ
C:\USERS\ADMINISTRATOR\DESKTOP\SMALLSIZE\COMPILE\RELEASE\TINYXMLPARSER.OBJ
C:\USERS\ADMINISTRATOR\DESKTOP\SMALLSIZE\COMPILE\RELEASE\TOUCHKICK.OBJ
C:\USERS\ADMINISTRATOR\DESKTOP\SMALLSIZE\COMPILE\RELEASE\TOUCHKICKPOS.OBJ
C:\USERS\ADMINISTRATOR\DESKTOP\SMALLSIZE\COMPILE\RELEASE\TRAJECTORY.OBJ
C:\USERS\ADMINISTRATOR\DESKTOP\SMALLSIZE\COMPILE\RELEASE\TRAJECTORYSTRUCTS.OBJ
C:\USERS\ADMINISTRATOR\DESKTOP\SMALLSIZE\COMPILE\RELEASE\TRAJECTORYSUPPORT.OBJ
C:\USERS\ADMINISTRATOR\DESKTOP\SMALLSIZE\COMPILE\RELEASE\TRAPEZOIDALVELTRAJECTORY.OBJ
C:\USERS\ADMINISTRATOR\DESKTOP\SMALLSIZE\COMPILE\RELEASE\TRIGGER.OBJ
C:\USERS\ADMINISTRATOR\DESKTOP\SMALLSIZE\COMPILE\RELEASE\TTSENGINE.OBJ
C:\USERS\ADMINISTRATOR\DESKTOP\SMALLSIZE\COMPILE\RELEASE\UDPSOCKET.OBJ
C:\USERS\ADMINISTRATOR\DESKTOP\SMALLSIZE\COMPILE\RELEASE\UTILS.OBJ
C:\USERS\ADMINISTRATOR\DESKTOP\SMALLSIZE\COMPILE\RELEASE\VC100.PDB
C:\USERS\ADMINISTRATOR\DESKTOP\SMALLSIZE\COMPILE\RELEASE\VISIONLOG.OBJ
C:\USERS\ADMINISTRATOR\DESKTOP\SMALLSIZE\COMPILE\RELEASE\VISIONMODULE.OBJ
C:\USERS\ADMINISTRATOR\DESKTOP\SMALLSIZE\COMPILE\RELEASE\VISIONRECEIVER.OBJ
C:\USERS\ADMINISTRATOR\DESKTOP\SMALLSIZE\COMPILE\RELEASE\WAITKICKPOS.OBJ
C:\USERS\ADMINISTRATOR\DESKTOP\SMALLSIZE\COMPILE\RELEASE\WAITTOUCH.OBJ
C:\USERS\ADMINISTRATOR\DESKTOP\SMALLSIZE\COMPILE\RELEASE\WIRELESSMODULE.OBJ
C:\USERS\ADMINISTRATOR\DESKTOP\SMALLSIZE\COMPILE\RELEASE\WORLDMODEL_BASIC.OBJ
C:\USERS\ADMINISTRATOR\DESKTOP\SMALLSIZE\COMPILE\RELEASE\WORLDMODEL_LUA.OBJ
C:\USERS\ADMINISTRATOR\DESKTOP\SMALLSIZE\COMPILE\RELEASE\WORLDMODEL_UTILS.OBJ
C:\USERS\ADMINISTRATOR\DESKTOP\SMALLSIZE\COMPILE\RELEASE\XBOXCONTROLLER.OBJ
C:\USERS\ADMINISTRATOR\DESKTOP\SMALLSIZE\COMPILE\RELEASE\ZEUS.EXE.INTERMEDIATE.MANIFEST
C:\USERS\ADMINISTRATOR\DESKTOP\SMALLSIZE\COMPILE\RELEASE\ZEUS_MAIN.OBJ
C:\Users\Administrator\Desktop\zeus\.\bin\Zeus.exe
C:\Users\Administrator\Desktop\zeus\Compile\release\ActionModule.obj
C:\Users\Administrator\Desktop\zeus\Compile\release\AdvanceBallV1.obj
C:\Users\Administrator\Desktop\zeus\Compile\release\AdvanceBallV2.obj
C:\Users\Administrator\Desktop\zeus\Compile\release\AtomPos.obj
C:\Users\Administrator\Desktop\zeus\Compile\release\AttributeSet.obj
C:\Users\Administrator\Desktop\zeus\Compile\release\BallPredictor.obj
C:\Users\Administrator\Desktop\zeus\Compile\release\BallSpeedModel.obj
C:\Users\Administrator\Desktop\zeus\Compile\release\BallStatus.obj
C:\Users\Administrator\Desktop\zeus\Compile\release\BasicPlay.obj
C:\Users\Administrator\Desktop\zeus\Compile\release\BayesFilter.obj
C:\Users\Administrator\Desktop\zeus\Compile\release\BayesParam.obj
C:\Users\Administrator\Desktop\zeus\Compile\release\BayesReader.obj
C:\Users\Administrator\Desktop\zeus\Compile\release\BestPlayer.obj
C:\Users\Administrator\Desktop\zeus\Compile\release\BufferCounter.obj
C:\Users\Administrator\Desktop\zeus\Compile\release\ChaseKickV1.obj
C:\Users\Administrator\Desktop\zeus\Compile\release\ChaseKickV2.obj
C:\Users\Administrator\Desktop\zeus\Compile\release\ChipBallJudge.obj
C:\Users\Administrator\Desktop\zeus\Compile\release\cl.command.1.tlog
C:\Users\Administrator\Desktop\zeus\Compile\release\CL.read.1.tlog
C:\Users\Administrator\Desktop\zeus\Compile\release\CL.write.1.tlog
C:\Users\Administrator\Desktop\zeus\Compile\release\CMmotion.obj
C:\Users\Administrator\Desktop\zeus\Compile\release\CollisionSimulator.obj
C:\Users\Administrator\Desktop\zeus\Compile\release\CommandSender.obj
C:\Users\Administrator\Desktop\zeus\Compile\release\CommControl.obj
C:\Users\Administrator\Desktop\zeus\Compile\release\Compensate.obj
C:\Users\Administrator\Desktop\zeus\Compile\release\ConfigReader.obj
C:\Users\Administrator\Desktop\zeus\Compile\release\ContactChecker.obj
C:\Users\Administrator\Desktop\zeus\Compile\release\ControlModel.obj
C:\Users\Administrator\Desktop\zeus\Compile\release\CornerAreaPos.obj
C:\Users\Administrator\Desktop\zeus\Compile\release\CrazyPush.obj
C:\Users\Administrator\Desktop\zeus\Compile\release\crc.obj
C:\Users\Administrator\Desktop\zeus\Compile\release\CtrlBreakHandler.obj
C:\Users\Administrator\Desktop\zeus\Compile\release\CubicEquation.obj
C:\Users\Administrator\Desktop\zeus\Compile\release\DecisionModule.obj
C:\Users\Administrator\Desktop\zeus\Compile\release\DefaultPos.obj
C:\Users\Administrator\Desktop\zeus\Compile\release\DefenceInfo.obj
C:\Users\Administrator\Desktop\zeus\Compile\release\DefendUtils.obj
C:\Users\Administrator\Desktop\zeus\Compile\release\DefPos1G2D.obj
C:\Users\Administrator\Desktop\zeus\Compile\release\DefPos2013.obj
C:\Users\Administrator\Desktop\zeus\Compile\release\DribbleTurn.obj
C:\Users\Administrator\Desktop\zeus\Compile\release\DribbleTurnKick.obj
C:\Users\Administrator\Desktop\zeus\Compile\release\DriftKick.obj
C:\Users\Administrator\Desktop\zeus\Compile\release\DynamicsSafetySearch.obj
C:\Users\Administrator\Desktop\zeus\Compile\release\EnemyDefendTacticAnalys.obj
C:\Users\Administrator\Desktop\zeus\Compile\release\EnemyDefendTacticArea.obj
C:\Users\Administrator\Desktop\zeus\Compile\release\EnemySituation.obj
C:\Users\Administrator\Desktop\zeus\Compile\release\Factory.obj
C:\Users\Administrator\Desktop\zeus\Compile\release\FilteredObject.obj
C:\Users\Administrator\Desktop\zeus\Compile\release\ForceStartRush.obj
C:\Users\Administrator\Desktop\zeus\Compile\release\FreeKickUtils.obj
C:\Users\Administrator\Desktop\zeus\Compile\release\GDebugEngine.obj
C:\Users\Administrator\Desktop\zeus\Compile\release\geometry.obj
C:\Users\Administrator\Desktop\zeus\Compile\release\GetBallV3.obj
C:\Users\Administrator\Desktop\zeus\Compile\release\Global.obj
C:\Users\Administrator\Desktop\zeus\Compile\release\Goalie2013.obj
C:\Users\Administrator\Desktop\zeus\Compile\release\GoaliePosV1.obj
C:\Users\Administrator\Desktop\zeus\Compile\release\GoAndTurn.obj
C:\Users\Administrator\Desktop\zeus\Compile\release\GoAndTurnKick.obj
C:\Users\Administrator\Desktop\zeus\Compile\release\GoAndTurnKickV3.obj
C:\Users\Administrator\Desktop\zeus\Compile\release\GoAroundBall.obj
C:\Users\Administrator\Desktop\zeus\Compile\release\GoAroundRobot.obj
C:\Users\Administrator\Desktop\zeus\Compile\release\GoAvoidShootLine.obj
C:\Users\Administrator\Desktop\zeus\Compile\release\GotoPosition.obj
C:\Users\Administrator\Desktop\zeus\Compile\release\gpuBestAlgThread.obj
C:\Users\Administrator\Desktop\zeus\Compile\release\HttpServer.obj
C:\Users\Administrator\Desktop\zeus\Compile\release\IndirectDefender.obj
C:\Users\Administrator\Desktop\zeus\Compile\release\InterceptBallV3.obj
C:\Users\Administrator\Desktop\zeus\Compile\release\KickDirection.obj
C:\Users\Administrator\Desktop\zeus\Compile\release\KickOffDefPosV2.obj
C:\Users\Administrator\Desktop\zeus\Compile\release\link.command.1.tlog
C:\Users\Administrator\Desktop\zeus\Compile\release\link.read.1.tlog
C:\Users\Administrator\Desktop\zeus\Compile\release\link.write.1.tlog
C:\Users\Administrator\Desktop\zeus\Compile\release\lua_zeus.obj
C:\Users\Administrator\Desktop\zeus\Compile\release\LuaModule.obj
C:\Users\Administrator\Desktop\zeus\Compile\release\Marking.obj
C:\Users\Administrator\Desktop\zeus\Compile\release\MarkingFront.obj
C:\Users\Administrator\Desktop\zeus\Compile\release\MarkingPosV2.obj
C:\Users\Administrator\Desktop\zeus\Compile\release\MarkingTouch.obj
C:\Users\Administrator\Desktop\zeus\Compile\release\MarkingTouchPos.obj
C:\Users\Administrator\Desktop\zeus\Compile\release\MatchState.obj
C:\Users\Administrator\Desktop\zeus\Compile\release\matrix.obj
C:\Users\Administrator\Desktop\zeus\Compile\release\Message.obj
C:\Users\Administrator\Desktop\zeus\Compile\release\mt.command.1.tlog
C:\Users\Administrator\Desktop\zeus\Compile\release\mt.read.1.tlog
C:\Users\Administrator\Desktop\zeus\Compile\release\mt.write.1.tlog
C:\Users\Administrator\Desktop\zeus\Compile\release\munkres.obj
C:\Users\Administrator\Desktop\zeus\Compile\release\munkresTacticPositionMatcher.obj
C:\Users\Administrator\Desktop\zeus\Compile\release\noneTrapzodalVelTrajectory.obj
C:\Users\Administrator\Desktop\zeus\Compile\release\NormalPlayUtils.obj
C:\Users\Administrator\Desktop\zeus\Compile\release\obstacle.obj
C:\Users\Administrator\Desktop\zeus\Compile\release\OppAttributesFactory.obj
C:\Users\Administrator\Desktop\zeus\Compile\release\OppPlayer.obj
C:\Users\Administrator\Desktop\zeus\Compile\release\OppRoleFactory.obj
C:\Users\Administrator\Desktop\zeus\Compile\release\OppRoleMatcher.obj
C:\Users\Administrator\Desktop\zeus\Compile\release\OptionModule.obj
C:\Users\Administrator\Desktop\zeus\Compile\release\param.obj
C:\Users\Administrator\Desktop\zeus\Compile\release\ParamReader.obj
C:\Users\Administrator\Desktop\zeus\Compile\release\PassBall.obj
C:\Users\Administrator\Desktop\zeus\Compile\release\path_planner.obj
C:\Users\Administrator\Desktop\zeus\Compile\release\PathPlanner.obj
C:\Users\Administrator\Desktop\zeus\Compile\release\PenaltyDefV1.obj
C:\Users\Administrator\Desktop\zeus\Compile\release\PenaltyDefV2.obj
C:\Users\Administrator\Desktop\zeus\Compile\release\PenaltyGoalie2012.obj
C:\Users\Administrator\Desktop\zeus\Compile\release\PenaltyKick2013.obj
C:\Users\Administrator\Desktop\zeus\Compile\release\PenaltyKick2014.obj
C:\Users\Administrator\Desktop\zeus\Compile\release\PenaltyPosCleaner.obj
C:\Users\Administrator\Desktop\zeus\Compile\release\PlayBook.obj
C:\Users\Administrator\Desktop\zeus\Compile\release\PlayerCommandV2.obj
C:\Users\Administrator\Desktop\zeus\Compile\release\PlayerTask.obj
C:\Users\Administrator\Desktop\zeus\Compile\release\PlayInterface.obj
C:\Users\Administrator\Desktop\zeus\Compile\release\ProtectBall.obj
C:\Users\Administrator\Desktop\zeus\Compile\release\QuadraticEquation.obj
C:\Users\Administrator\Desktop\zeus\Compile\release\QuarticEquation.obj
C:\Users\Administrator\Desktop\zeus\Compile\release\RadioPackets.obj
C:\Users\Administrator\Desktop\zeus\Compile\release\RadioPacketsLog.obj
C:\Users\Administrator\Desktop\zeus\Compile\release\ReceivePass.obj
C:\Users\Administrator\Desktop\zeus\Compile\release\Recognizer.obj
C:\Users\Administrator\Desktop\zeus\Compile\release\referee.pb.obj
C:\Users\Administrator\Desktop\zeus\Compile\release\RefereeBoxIf.obj
C:\Users\Administrator\Desktop\zeus\Compile\release\RobotCapability.obj
C:\Users\Administrator\Desktop\zeus\Compile\release\RobotPredictError.obj
C:\Users\Administrator\Desktop\zeus\Compile\release\RobotPredictor.obj
C:\Users\Administrator\Desktop\zeus\Compile\release\RobotsCollision.obj
C:\Users\Administrator\Desktop\zeus\Compile\release\RobotSensor.obj
C:\Users\Administrator\Desktop\zeus\Compile\release\RRTPathPlanner.obj
C:\Users\Administrator\Desktop\zeus\Compile\release\SerialPort.obj
C:\Users\Administrator\Desktop\zeus\Compile\release\server_i.obj
C:\Users\Administrator\Desktop\zeus\Compile\release\ServerInterface.obj
C:\Users\Administrator\Desktop\zeus\Compile\release\ShootBall.obj
C:\Users\Administrator\Desktop\zeus\Compile\release\ShootBallV2.obj
C:\Users\Administrator\Desktop\zeus\Compile\release\ShootRangeList.obj
C:\Users\Administrator\Desktop\zeus\Compile\release\Simulator.obj
C:\Users\Administrator\Desktop\zeus\Compile\release\SlowGetBall.obj
C:\Users\Administrator\Desktop\zeus\Compile\release\SmartGotoPosition.obj
C:\Users\Administrator\Desktop\zeus\Compile\release\Speed.obj
C:\Users\Administrator\Desktop\zeus\Compile\release\StopRobot.obj
C:\Users\Administrator\Desktop\zeus\Compile\release\Tandem.obj
C:\Users\Administrator\Desktop\zeus\Compile\release\TandemPos.obj
C:\Users\Administrator\Desktop\zeus\Compile\release\TestCircleBall.obj
C:\Users\Administrator\Desktop\zeus\Compile\release\TestSkillPlay.obj
C:\Users\Administrator\Desktop\zeus\Compile\release\TimeCounter.obj
C:\Users\Administrator\Desktop\zeus\Compile\release\TimeDelayTest.obj
C:\Users\Administrator\Desktop\zeus\Compile\release\tinystr.obj
C:\Users\Administrator\Desktop\zeus\Compile\release\tinyxml.obj
C:\Users\Administrator\Desktop\zeus\Compile\release\tinyxmlerror.obj
C:\Users\Administrator\Desktop\zeus\Compile\release\tinyxmlparser.obj
C:\Users\Administrator\Desktop\zeus\Compile\release\TouchKick.obj
C:\Users\Administrator\Desktop\zeus\Compile\release\TouchKickPos.obj
C:\Users\Administrator\Desktop\zeus\Compile\release\Trajectory.obj
C:\Users\Administrator\Desktop\zeus\Compile\release\TrajectoryStructs.obj
C:\Users\Administrator\Desktop\zeus\Compile\release\TrajectorySupport.obj
C:\Users\Administrator\Desktop\zeus\Compile\release\TrapezoidalVelTrajectory.obj
C:\Users\Administrator\Desktop\zeus\Compile\release\Trigger.obj
C:\Users\Administrator\Desktop\zeus\Compile\release\TTSEngine.obj
C:\Users\Administrator\Desktop\zeus\Compile\release\UDPSocket.obj
C:\Users\Administrator\Desktop\zeus\Compile\release\utils.obj
C:\Users\Administrator\Desktop\zeus\Compile\release\vc100.pdb
C:\Users\Administrator\Desktop\zeus\Compile\release\VisionLog.obj
C:\Users\Administrator\Desktop\zeus\Compile\release\VisionModule.obj
C:\Users\Administrator\Desktop\zeus\Compile\release\VisionReceiver.obj
C:\Users\Administrator\Desktop\zeus\Compile\release\WaitKickPos.obj
C:\Users\Administrator\Desktop\zeus\Compile\release\WaitTouch.obj
C:\Users\Administrator\Desktop\zeus\Compile\release\WirelessModule.obj
C:\Users\Administrator\Desktop\zeus\Compile\release\WorldModel_basic.obj
C:\Users\Administrator\Desktop\zeus\Compile\release\WorldModel_lua.obj
C:\Users\Administrator\Desktop\zeus\Compile\release\WorldModel_utils.obj
C:\Users\Administrator\Desktop\zeus\Compile\release\XBoxController.obj
C:\Users\Administrator\Desktop\zeus\Compile\release\Zeus.exe.intermediate.manifest
C:\Users\Administrator\Desktop\zeus\Compile\release\Zeus.write.1.tlog
C:\Users\Administrator\Desktop\zeus\Compile\release\zeus_main.obj
