C:\USERS\ADMINISTRATOR\DESKTOP\SMALLSIZE\BIN\ZEUS.PDB
C:\USERS\ADMINISTRATOR\DESKTOP\SMALLSIZE\BIN\ZEUSD.EXE
C:\USERS\ADMINISTRATOR\DESKTOP\SMALLSIZE\COMPILE\DEBUG\ACTIONMODULE.OBJ
C:\USERS\ADMINISTRATOR\DESKTOP\SMALLSIZE\COMPILE\DEBUG\ADVANCEBALLV1.OBJ
C:\USERS\ADMINISTRATOR\DESKTOP\SMALLSIZE\COMPILE\DEBUG\ADVANCEBALLV2.OBJ
C:\USERS\ADMINISTRATOR\DESKTOP\SMALLSIZE\COMPILE\DEBUG\ATOMPOS.OBJ
C:\USERS\ADMINISTRATOR\DESKTOP\SMALLSIZE\COMPILE\DEBUG\ATTRIBUTESET.OBJ
C:\USERS\ADMINISTRATOR\DESKTOP\SMALLSIZE\COMPILE\DEBUG\BALLPREDICTOR.OBJ
C:\USERS\ADMINISTRATOR\DESKTOP\SMALLSIZE\COMPILE\DEBUG\BALLSPEEDMODEL.OBJ
C:\USERS\ADMINISTRATOR\DESKTOP\SMALLSIZE\COMPILE\DEBUG\BALLSTATUS.OBJ
C:\USERS\ADMINISTRATOR\DESKTOP\SMALLSIZE\COMPILE\DEBUG\BASICPLAY.OBJ
C:\USERS\ADMINISTRATOR\DESKTOP\SMALLSIZE\COMPILE\DEBUG\BAYESFILTER.OBJ
C:\USERS\ADMINISTRATOR\DESKTOP\SMALLSIZE\COMPILE\DEBUG\BAYESPARAM.OBJ
C:\USERS\ADMINISTRATOR\DESKTOP\SMALLSIZE\COMPILE\DEBUG\BAYESREADER.OBJ
C:\USERS\ADMINISTRATOR\DESKTOP\SMALLSIZE\COMPILE\DEBUG\BESTPLAYER.OBJ
C:\USERS\ADMINISTRATOR\DESKTOP\SMALLSIZE\COMPILE\DEBUG\BUFFERCOUNTER.OBJ
C:\USERS\ADMINISTRATOR\DESKTOP\SMALLSIZE\COMPILE\DEBUG\CHASEKICKV1.OBJ
C:\USERS\ADMINISTRATOR\DESKTOP\SMALLSIZE\COMPILE\DEBUG\CHASEKICKV2.OBJ
C:\USERS\ADMINISTRATOR\DESKTOP\SMALLSIZE\COMPILE\DEBUG\CHIPBALLJUDGE.OBJ
C:\USERS\ADMINISTRATOR\DESKTOP\SMALLSIZE\COMPILE\DEBUG\CMMOTION.OBJ
C:\USERS\ADMINISTRATOR\DESKTOP\SMALLSIZE\COMPILE\DEBUG\COLLISIONSIMULATOR.OBJ
C:\USERS\ADMINISTRATOR\DESKTOP\SMALLSIZE\COMPILE\DEBUG\COMMANDSENDER.OBJ
C:\USERS\ADMINISTRATOR\DESKTOP\SMALLSIZE\COMPILE\DEBUG\COMMCONTROL.OBJ
C:\USERS\ADMINISTRATOR\DESKTOP\SMALLSIZE\COMPILE\DEBUG\COMPENSATE.OBJ
C:\USERS\ADMINISTRATOR\DESKTOP\SMALLSIZE\COMPILE\DEBUG\CONFIGREADER.OBJ
C:\USERS\ADMINISTRATOR\DESKTOP\SMALLSIZE\COMPILE\DEBUG\CONTACTCHECKER.OBJ
C:\USERS\ADMINISTRATOR\DESKTOP\SMALLSIZE\COMPILE\DEBUG\CONTROLMODEL.OBJ
C:\USERS\ADMINISTRATOR\DESKTOP\SMALLSIZE\COMPILE\DEBUG\CORNERAREAPOS.OBJ
C:\USERS\ADMINISTRATOR\DESKTOP\SMALLSIZE\COMPILE\DEBUG\CRAZYPUSH.OBJ
C:\USERS\ADMINISTRATOR\DESKTOP\SMALLSIZE\COMPILE\DEBUG\CRC.OBJ
C:\USERS\ADMINISTRATOR\DESKTOP\SMALLSIZE\COMPILE\DEBUG\CTRLBREAKHANDLER.OBJ
C:\USERS\ADMINISTRATOR\DESKTOP\SMALLSIZE\COMPILE\DEBUG\CUBICEQUATION.OBJ
C:\USERS\ADMINISTRATOR\DESKTOP\SMALLSIZE\COMPILE\DEBUG\DECISIONMODULE.OBJ
C:\USERS\ADMINISTRATOR\DESKTOP\SMALLSIZE\COMPILE\DEBUG\DEFAULTPOS.OBJ
C:\USERS\ADMINISTRATOR\DESKTOP\SMALLSIZE\COMPILE\DEBUG\DEFENCEINFO.OBJ
C:\USERS\ADMINISTRATOR\DESKTOP\SMALLSIZE\COMPILE\DEBUG\DEFENDUTILS.OBJ
C:\USERS\ADMINISTRATOR\DESKTOP\SMALLSIZE\COMPILE\DEBUG\DEFPOS1G2D.OBJ
C:\USERS\ADMINISTRATOR\DESKTOP\SMALLSIZE\COMPILE\DEBUG\DEFPOS2013.OBJ
C:\USERS\ADMINISTRATOR\DESKTOP\SMALLSIZE\COMPILE\DEBUG\DRIBBLETURN.OBJ
C:\USERS\ADMINISTRATOR\DESKTOP\SMALLSIZE\COMPILE\DEBUG\DRIBBLETURNKICK.OBJ
C:\USERS\ADMINISTRATOR\DESKTOP\SMALLSIZE\COMPILE\DEBUG\DRIFTKICK.OBJ
C:\USERS\ADMINISTRATOR\DESKTOP\SMALLSIZE\COMPILE\DEBUG\DYNAMICSSAFETYSEARCH.OBJ
C:\USERS\ADMINISTRATOR\DESKTOP\SMALLSIZE\COMPILE\DEBUG\ENEMYDEFENDTACTICANALYS.OBJ
C:\USERS\ADMINISTRATOR\DESKTOP\SMALLSIZE\COMPILE\DEBUG\ENEMYDEFENDTACTICAREA.OBJ
C:\USERS\ADMINISTRATOR\DESKTOP\SMALLSIZE\COMPILE\DEBUG\ENEMYSITUATION.OBJ
C:\USERS\ADMINISTRATOR\DESKTOP\SMALLSIZE\COMPILE\DEBUG\FACTORY.OBJ
C:\USERS\ADMINISTRATOR\DESKTOP\SMALLSIZE\COMPILE\DEBUG\FILTEREDOBJECT.OBJ
C:\USERS\ADMINISTRATOR\DESKTOP\SMALLSIZE\COMPILE\DEBUG\FORCESTARTRUSH.OBJ
C:\USERS\ADMINISTRATOR\DESKTOP\SMALLSIZE\COMPILE\DEBUG\FREEKICKUTILS.OBJ
C:\USERS\ADMINISTRATOR\DESKTOP\SMALLSIZE\COMPILE\DEBUG\GDEBUGENGINE.OBJ
C:\USERS\ADMINISTRATOR\DESKTOP\SMALLSIZE\COMPILE\DEBUG\GEOMETRY.OBJ
C:\USERS\ADMINISTRATOR\DESKTOP\SMALLSIZE\COMPILE\DEBUG\GETBALLV3.OBJ
C:\USERS\ADMINISTRATOR\DESKTOP\SMALLSIZE\COMPILE\DEBUG\GLOBAL.OBJ
C:\USERS\ADMINISTRATOR\DESKTOP\SMALLSIZE\COMPILE\DEBUG\GOALIE2013.OBJ
C:\USERS\ADMINISTRATOR\DESKTOP\SMALLSIZE\COMPILE\DEBUG\GOALIEPOSV1.OBJ
C:\USERS\ADMINISTRATOR\DESKTOP\SMALLSIZE\COMPILE\DEBUG\GOANDTURN.OBJ
C:\USERS\ADMINISTRATOR\DESKTOP\SMALLSIZE\COMPILE\DEBUG\GOANDTURNKICK.OBJ
C:\USERS\ADMINISTRATOR\DESKTOP\SMALLSIZE\COMPILE\DEBUG\GOANDTURNKICKV3.OBJ
C:\USERS\ADMINISTRATOR\DESKTOP\SMALLSIZE\COMPILE\DEBUG\GOAROUNDBALL.OBJ
C:\USERS\ADMINISTRATOR\DESKTOP\SMALLSIZE\COMPILE\DEBUG\GOAROUNDROBOT.OBJ
C:\USERS\ADMINISTRATOR\DESKTOP\SMALLSIZE\COMPILE\DEBUG\GOAVOIDSHOOTLINE.OBJ
C:\USERS\ADMINISTRATOR\DESKTOP\SMALLSIZE\COMPILE\DEBUG\GOTOPOSITION.OBJ
C:\USERS\ADMINISTRATOR\DESKTOP\SMALLSIZE\COMPILE\DEBUG\GPUBESTALGTHREAD.OBJ
C:\USERS\ADMINISTRATOR\DESKTOP\SMALLSIZE\COMPILE\DEBUG\HTTPSERVER.OBJ
C:\USERS\ADMINISTRATOR\DESKTOP\SMALLSIZE\COMPILE\DEBUG\INDIRECTDEFENDER.OBJ
C:\USERS\ADMINISTRATOR\DESKTOP\SMALLSIZE\COMPILE\DEBUG\INTERCEPTBALLV3.OBJ
C:\USERS\ADMINISTRATOR\DESKTOP\SMALLSIZE\COMPILE\DEBUG\KICKDIRECTION.OBJ
C:\USERS\ADMINISTRATOR\DESKTOP\SMALLSIZE\COMPILE\DEBUG\KICKOFFDEFPOSV2.OBJ
C:\USERS\ADMINISTRATOR\DESKTOP\SMALLSIZE\COMPILE\DEBUG\LUA_ZEUS.OBJ
C:\USERS\ADMINISTRATOR\DESKTOP\SMALLSIZE\COMPILE\DEBUG\LUAMODULE.OBJ
C:\USERS\ADMINISTRATOR\DESKTOP\SMALLSIZE\COMPILE\DEBUG\MARKING.OBJ
C:\USERS\ADMINISTRATOR\DESKTOP\SMALLSIZE\COMPILE\DEBUG\MARKINGFRONT.OBJ
C:\USERS\ADMINISTRATOR\DESKTOP\SMALLSIZE\COMPILE\DEBUG\MARKINGPOSV2.OBJ
C:\USERS\ADMINISTRATOR\DESKTOP\SMALLSIZE\COMPILE\DEBUG\MARKINGTOUCH.OBJ
C:\USERS\ADMINISTRATOR\DESKTOP\SMALLSIZE\COMPILE\DEBUG\MARKINGTOUCHPOS.OBJ
C:\USERS\ADMINISTRATOR\DESKTOP\SMALLSIZE\COMPILE\DEBUG\MATCHSTATE.OBJ
C:\USERS\ADMINISTRATOR\DESKTOP\SMALLSIZE\COMPILE\DEBUG\MATRIX.OBJ
C:\USERS\ADMINISTRATOR\DESKTOP\SMALLSIZE\COMPILE\DEBUG\MESSAGE.OBJ
C:\USERS\ADMINISTRATOR\DESKTOP\SMALLSIZE\COMPILE\DEBUG\MUNKRES.OBJ
C:\USERS\ADMINISTRATOR\DESKTOP\SMALLSIZE\COMPILE\DEBUG\MUNKRESTACTICPOSITIONMATCHER.OBJ
C:\USERS\ADMINISTRATOR\DESKTOP\SMALLSIZE\COMPILE\DEBUG\NONETRAPZODALVELTRAJECTORY.OBJ
C:\USERS\ADMINISTRATOR\DESKTOP\SMALLSIZE\COMPILE\DEBUG\NORMALPLAYUTILS.OBJ
C:\USERS\ADMINISTRATOR\DESKTOP\SMALLSIZE\COMPILE\DEBUG\OBSTACLE.OBJ
C:\USERS\ADMINISTRATOR\DESKTOP\SMALLSIZE\COMPILE\DEBUG\OPPATTRIBUTESFACTORY.OBJ
C:\USERS\ADMINISTRATOR\DESKTOP\SMALLSIZE\COMPILE\DEBUG\OPPPLAYER.OBJ
C:\USERS\ADMINISTRATOR\DESKTOP\SMALLSIZE\COMPILE\DEBUG\OPPROLEFACTORY.OBJ
C:\USERS\ADMINISTRATOR\DESKTOP\SMALLSIZE\COMPILE\DEBUG\OPPROLEMATCHER.OBJ
C:\USERS\ADMINISTRATOR\DESKTOP\SMALLSIZE\COMPILE\DEBUG\OPTIONMODULE.OBJ
C:\USERS\ADMINISTRATOR\DESKTOP\SMALLSIZE\COMPILE\DEBUG\PARAM.OBJ
C:\USERS\ADMINISTRATOR\DESKTOP\SMALLSIZE\COMPILE\DEBUG\PARAMREADER.OBJ
C:\USERS\ADMINISTRATOR\DESKTOP\SMALLSIZE\COMPILE\DEBUG\PASSBALL.OBJ
C:\USERS\ADMINISTRATOR\DESKTOP\SMALLSIZE\COMPILE\DEBUG\PATH_PLANNER.OBJ
C:\USERS\ADMINISTRATOR\DESKTOP\SMALLSIZE\COMPILE\DEBUG\PATHPLANNER.OBJ
C:\USERS\ADMINISTRATOR\DESKTOP\SMALLSIZE\COMPILE\DEBUG\PENALTYDEFV1.OBJ
C:\USERS\ADMINISTRATOR\DESKTOP\SMALLSIZE\COMPILE\DEBUG\PENALTYDEFV2.OBJ
C:\USERS\ADMINISTRATOR\DESKTOP\SMALLSIZE\COMPILE\DEBUG\PENALTYGOALIE2012.OBJ
C:\USERS\ADMINISTRATOR\DESKTOP\SMALLSIZE\COMPILE\DEBUG\PENALTYKICK2013.OBJ
C:\USERS\ADMINISTRATOR\DESKTOP\SMALLSIZE\COMPILE\DEBUG\PENALTYKICK2014.OBJ
C:\USERS\ADMINISTRATOR\DESKTOP\SMALLSIZE\COMPILE\DEBUG\PENALTYPOSCLEANER.OBJ
C:\USERS\ADMINISTRATOR\DESKTOP\SMALLSIZE\COMPILE\DEBUG\PLAYBOOK.OBJ
C:\USERS\ADMINISTRATOR\DESKTOP\SMALLSIZE\COMPILE\DEBUG\PLAYERCOMMANDV2.OBJ
C:\USERS\ADMINISTRATOR\DESKTOP\SMALLSIZE\COMPILE\DEBUG\PLAYERTASK.OBJ
C:\USERS\ADMINISTRATOR\DESKTOP\SMALLSIZE\COMPILE\DEBUG\PLAYINTERFACE.OBJ
C:\USERS\ADMINISTRATOR\DESKTOP\SMALLSIZE\COMPILE\DEBUG\PROTECTBALL.OBJ
C:\USERS\ADMINISTRATOR\DESKTOP\SMALLSIZE\COMPILE\DEBUG\QUADRATICEQUATION.OBJ
C:\USERS\ADMINISTRATOR\DESKTOP\SMALLSIZE\COMPILE\DEBUG\QUARTICEQUATION.OBJ
C:\USERS\ADMINISTRATOR\DESKTOP\SMALLSIZE\COMPILE\DEBUG\RADIOPACKETS.OBJ
C:\USERS\ADMINISTRATOR\DESKTOP\SMALLSIZE\COMPILE\DEBUG\RADIOPACKETSLOG.OBJ
C:\USERS\ADMINISTRATOR\DESKTOP\SMALLSIZE\COMPILE\DEBUG\RECEIVEPASS.OBJ
C:\USERS\ADMINISTRATOR\DESKTOP\SMALLSIZE\COMPILE\DEBUG\RECOGNIZER.OBJ
C:\USERS\ADMINISTRATOR\DESKTOP\SMALLSIZE\COMPILE\DEBUG\REFEREE.PB.OBJ
C:\USERS\ADMINISTRATOR\DESKTOP\SMALLSIZE\COMPILE\DEBUG\REFEREEBOXIF.OBJ
C:\USERS\ADMINISTRATOR\DESKTOP\SMALLSIZE\COMPILE\DEBUG\ROBOTCAPABILITY.OBJ
C:\USERS\ADMINISTRATOR\DESKTOP\SMALLSIZE\COMPILE\DEBUG\ROBOTPREDICTERROR.OBJ
C:\USERS\ADMINISTRATOR\DESKTOP\SMALLSIZE\COMPILE\DEBUG\ROBOTPREDICTOR.OBJ
C:\USERS\ADMINISTRATOR\DESKTOP\SMALLSIZE\COMPILE\DEBUG\ROBOTSCOLLISION.OBJ
C:\USERS\ADMINISTRATOR\DESKTOP\SMALLSIZE\COMPILE\DEBUG\ROBOTSENSOR.OBJ
C:\USERS\ADMINISTRATOR\DESKTOP\SMALLSIZE\COMPILE\DEBUG\RRTPATHPLANNER.OBJ
C:\USERS\ADMINISTRATOR\DESKTOP\SMALLSIZE\COMPILE\DEBUG\SERIALPORT.OBJ
C:\USERS\ADMINISTRATOR\DESKTOP\SMALLSIZE\COMPILE\DEBUG\SERVER_I.OBJ
C:\USERS\ADMINISTRATOR\DESKTOP\SMALLSIZE\COMPILE\DEBUG\SERVERINTERFACE.OBJ
C:\USERS\ADMINISTRATOR\DESKTOP\SMALLSIZE\COMPILE\DEBUG\SHOOTBALL.OBJ
C:\USERS\ADMINISTRATOR\DESKTOP\SMALLSIZE\COMPILE\DEBUG\SHOOTBALLV2.OBJ
C:\USERS\ADMINISTRATOR\DESKTOP\SMALLSIZE\COMPILE\DEBUG\SHOOTRANGELIST.OBJ
C:\USERS\ADMINISTRATOR\DESKTOP\SMALLSIZE\COMPILE\DEBUG\SIMULATOR.OBJ
C:\USERS\ADMINISTRATOR\DESKTOP\SMALLSIZE\COMPILE\DEBUG\SLOWGETBALL.OBJ
C:\USERS\ADMINISTRATOR\DESKTOP\SMALLSIZE\COMPILE\DEBUG\SMARTGOTOPOSITION.OBJ
C:\USERS\ADMINISTRATOR\DESKTOP\SMALLSIZE\COMPILE\DEBUG\SPEED.OBJ
C:\USERS\ADMINISTRATOR\DESKTOP\SMALLSIZE\COMPILE\DEBUG\STOPROBOT.OBJ
C:\USERS\ADMINISTRATOR\DESKTOP\SMALLSIZE\COMPILE\DEBUG\TANDEM.OBJ
C:\USERS\ADMINISTRATOR\DESKTOP\SMALLSIZE\COMPILE\DEBUG\TANDEMPOS.OBJ
C:\USERS\ADMINISTRATOR\DESKTOP\SMALLSIZE\COMPILE\DEBUG\TESTCIRCLEBALL.OBJ
C:\USERS\ADMINISTRATOR\DESKTOP\SMALLSIZE\COMPILE\DEBUG\TESTSKILLPLAY.OBJ
C:\USERS\ADMINISTRATOR\DESKTOP\SMALLSIZE\COMPILE\DEBUG\TIMECOUNTER.OBJ
C:\USERS\ADMINISTRATOR\DESKTOP\SMALLSIZE\COMPILE\DEBUG\TIMEDELAYTEST.OBJ
C:\USERS\ADMINISTRATOR\DESKTOP\SMALLSIZE\COMPILE\DEBUG\TINYSTR.OBJ
C:\USERS\ADMINISTRATOR\DESKTOP\SMALLSIZE\COMPILE\DEBUG\TINYXML.OBJ
C:\USERS\ADMINISTRATOR\DESKTOP\SMALLSIZE\COMPILE\DEBUG\TINYXMLERROR.OBJ
C:\USERS\ADMINISTRATOR\DESKTOP\SMALLSIZE\COMPILE\DEBUG\TINYXMLPARSER.OBJ
C:\USERS\ADMINISTRATOR\DESKTOP\SMALLSIZE\COMPILE\DEBUG\TOUCHKICK.OBJ
C:\USERS\ADMINISTRATOR\DESKTOP\SMALLSIZE\COMPILE\DEBUG\TOUCHKICKPOS.OBJ
C:\USERS\ADMINISTRATOR\DESKTOP\SMALLSIZE\COMPILE\DEBUG\TRAJECTORY.OBJ
C:\USERS\ADMINISTRATOR\DESKTOP\SMALLSIZE\COMPILE\DEBUG\TRAJECTORYSTRUCTS.OBJ
C:\USERS\ADMINISTRATOR\DESKTOP\SMALLSIZE\COMPILE\DEBUG\TRAJECTORYSUPPORT.OBJ
C:\USERS\ADMINISTRATOR\DESKTOP\SMALLSIZE\COMPILE\DEBUG\TRAPEZOIDALVELTRAJECTORY.OBJ
C:\USERS\ADMINISTRATOR\DESKTOP\SMALLSIZE\COMPILE\DEBUG\TRIGGER.OBJ
C:\USERS\ADMINISTRATOR\DESKTOP\SMALLSIZE\COMPILE\DEBUG\TTSENGINE.OBJ
C:\USERS\ADMINISTRATOR\DESKTOP\SMALLSIZE\COMPILE\DEBUG\UDPSOCKET.OBJ
C:\USERS\ADMINISTRATOR\DESKTOP\SMALLSIZE\COMPILE\DEBUG\UTILS.OBJ
C:\USERS\ADMINISTRATOR\DESKTOP\SMALLSIZE\COMPILE\DEBUG\VC100.PDB
C:\USERS\ADMINISTRATOR\DESKTOP\SMALLSIZE\COMPILE\DEBUG\VISIONLOG.OBJ
C:\USERS\ADMINISTRATOR\DESKTOP\SMALLSIZE\COMPILE\DEBUG\VISIONMODULE.OBJ
C:\USERS\ADMINISTRATOR\DESKTOP\SMALLSIZE\COMPILE\DEBUG\VISIONRECEIVER.OBJ
C:\USERS\ADMINISTRATOR\DESKTOP\SMALLSIZE\COMPILE\DEBUG\WAITKICKPOS.OBJ
C:\USERS\ADMINISTRATOR\DESKTOP\SMALLSIZE\COMPILE\DEBUG\WAITTOUCH.OBJ
C:\USERS\ADMINISTRATOR\DESKTOP\SMALLSIZE\COMPILE\DEBUG\WIRELESSMODULE.OBJ
C:\USERS\ADMINISTRATOR\DESKTOP\SMALLSIZE\COMPILE\DEBUG\WORLDMODEL_BASIC.OBJ
C:\USERS\ADMINISTRATOR\DESKTOP\SMALLSIZE\COMPILE\DEBUG\WORLDMODEL_LUA.OBJ
C:\USERS\ADMINISTRATOR\DESKTOP\SMALLSIZE\COMPILE\DEBUG\WORLDMODEL_UTILS.OBJ
C:\USERS\ADMINISTRATOR\DESKTOP\SMALLSIZE\COMPILE\DEBUG\XBOXCONTROLLER.OBJ
C:\USERS\ADMINISTRATOR\DESKTOP\SMALLSIZE\COMPILE\DEBUG\ZEUS_MAIN.OBJ
C:\USERS\ADMINISTRATOR\DESKTOP\SMALLSIZE\COMPILE\DEBUG\ZEUSD.EXE.INTERMEDIATE.MANIFEST
C:\Users\Administrator\Desktop\zeus\.\bin\ZeusD.exe
C:\Users\Administrator\Desktop\zeus\Compile\debug\ActionModule.obj
C:\Users\Administrator\Desktop\zeus\Compile\debug\AdvanceBallV1.obj
C:\Users\Administrator\Desktop\zeus\Compile\debug\AdvanceBallV2.obj
C:\Users\Administrator\Desktop\zeus\Compile\debug\AtomPos.obj
C:\Users\Administrator\Desktop\zeus\Compile\debug\AttributeSet.obj
C:\Users\Administrator\Desktop\zeus\Compile\debug\BallPredictor.obj
C:\Users\Administrator\Desktop\zeus\Compile\debug\BallSpeedModel.obj
C:\Users\Administrator\Desktop\zeus\Compile\debug\BallStatus.obj
C:\Users\Administrator\Desktop\zeus\Compile\debug\BasicPlay.obj
C:\Users\Administrator\Desktop\zeus\Compile\debug\BayesFilter.obj
C:\Users\Administrator\Desktop\zeus\Compile\debug\BayesParam.obj
C:\Users\Administrator\Desktop\zeus\Compile\debug\BayesReader.obj
C:\Users\Administrator\Desktop\zeus\Compile\debug\BestPlayer.obj
C:\Users\Administrator\Desktop\zeus\Compile\debug\BufferCounter.obj
C:\Users\Administrator\Desktop\zeus\Compile\debug\ChaseKickV1.obj
C:\Users\Administrator\Desktop\zeus\Compile\debug\ChaseKickV2.obj
C:\Users\Administrator\Desktop\zeus\Compile\debug\ChipBallJudge.obj
C:\Users\Administrator\Desktop\zeus\Compile\debug\cl.command.1.tlog
C:\Users\Administrator\Desktop\zeus\Compile\debug\CL.read.1.tlog
C:\Users\Administrator\Desktop\zeus\Compile\debug\CL.write.1.tlog
C:\Users\Administrator\Desktop\zeus\Compile\debug\CMmotion.obj
C:\Users\Administrator\Desktop\zeus\Compile\debug\CollisionSimulator.obj
C:\Users\Administrator\Desktop\zeus\Compile\debug\CommandSender.obj
C:\Users\Administrator\Desktop\zeus\Compile\debug\CommControl.obj
C:\Users\Administrator\Desktop\zeus\Compile\debug\Compensate.obj
C:\Users\Administrator\Desktop\zeus\Compile\debug\ConfigReader.obj
C:\Users\Administrator\Desktop\zeus\Compile\debug\ContactChecker.obj
C:\Users\Administrator\Desktop\zeus\Compile\debug\ControlModel.obj
C:\Users\Administrator\Desktop\zeus\Compile\debug\CornerAreaPos.obj
C:\Users\Administrator\Desktop\zeus\Compile\debug\CrazyPush.obj
C:\Users\Administrator\Desktop\zeus\Compile\debug\crc.obj
C:\Users\Administrator\Desktop\zeus\Compile\debug\CtrlBreakHandler.obj
C:\Users\Administrator\Desktop\zeus\Compile\debug\CubicEquation.obj
C:\Users\Administrator\Desktop\zeus\Compile\debug\DecisionModule.obj
C:\Users\Administrator\Desktop\zeus\Compile\debug\DefaultPos.obj
C:\Users\Administrator\Desktop\zeus\Compile\debug\DefenceInfo.obj
C:\Users\Administrator\Desktop\zeus\Compile\debug\DefendUtils.obj
C:\Users\Administrator\Desktop\zeus\Compile\debug\DefPos1G2D.obj
C:\Users\Administrator\Desktop\zeus\Compile\debug\DefPos2013.obj
C:\Users\Administrator\Desktop\zeus\Compile\debug\DribbleTurn.obj
C:\Users\Administrator\Desktop\zeus\Compile\debug\DribbleTurnKick.obj
C:\Users\Administrator\Desktop\zeus\Compile\debug\DriftKick.obj
C:\Users\Administrator\Desktop\zeus\Compile\debug\DynamicsSafetySearch.obj
C:\Users\Administrator\Desktop\zeus\Compile\debug\EnemyDefendTacticAnalys.obj
C:\Users\Administrator\Desktop\zeus\Compile\debug\EnemyDefendTacticArea.obj
C:\Users\Administrator\Desktop\zeus\Compile\debug\EnemySituation.obj
C:\Users\Administrator\Desktop\zeus\Compile\debug\Factory.obj
C:\Users\Administrator\Desktop\zeus\Compile\debug\FilteredObject.obj
C:\Users\Administrator\Desktop\zeus\Compile\debug\ForceStartRush.obj
C:\Users\Administrator\Desktop\zeus\Compile\debug\FreeKickUtils.obj
C:\Users\Administrator\Desktop\zeus\Compile\debug\GDebugEngine.obj
C:\Users\Administrator\Desktop\zeus\Compile\debug\geometry.obj
C:\Users\Administrator\Desktop\zeus\Compile\debug\GetBallV3.obj
C:\Users\Administrator\Desktop\zeus\Compile\debug\Global.obj
C:\Users\Administrator\Desktop\zeus\Compile\debug\Goalie2013.obj
C:\Users\Administrator\Desktop\zeus\Compile\debug\GoaliePosV1.obj
C:\Users\Administrator\Desktop\zeus\Compile\debug\GoAndTurn.obj
C:\Users\Administrator\Desktop\zeus\Compile\debug\GoAndTurnKick.obj
C:\Users\Administrator\Desktop\zeus\Compile\debug\GoAndTurnKickV3.obj
C:\Users\Administrator\Desktop\zeus\Compile\debug\GoAroundBall.obj
C:\Users\Administrator\Desktop\zeus\Compile\debug\GoAroundRobot.obj
C:\Users\Administrator\Desktop\zeus\Compile\debug\GoAvoidShootLine.obj
C:\Users\Administrator\Desktop\zeus\Compile\debug\GotoPosition.obj
C:\Users\Administrator\Desktop\zeus\Compile\debug\gpuBestAlgThread.obj
C:\Users\Administrator\Desktop\zeus\Compile\debug\HttpServer.obj
C:\Users\Administrator\Desktop\zeus\Compile\debug\IndirectDefender.obj
C:\Users\Administrator\Desktop\zeus\Compile\debug\InterceptBallV3.obj
C:\Users\Administrator\Desktop\zeus\Compile\debug\KickDirection.obj
C:\Users\Administrator\Desktop\zeus\Compile\debug\KickOffDefPosV2.obj
C:\Users\Administrator\Desktop\zeus\Compile\debug\link.command.1.tlog
C:\Users\Administrator\Desktop\zeus\Compile\debug\link.read.1.tlog
C:\Users\Administrator\Desktop\zeus\Compile\debug\link.write.1.tlog
C:\Users\Administrator\Desktop\zeus\Compile\debug\lua_zeus.obj
C:\Users\Administrator\Desktop\zeus\Compile\debug\LuaModule.obj
C:\Users\Administrator\Desktop\zeus\Compile\debug\Marking.obj
C:\Users\Administrator\Desktop\zeus\Compile\debug\MarkingFront.obj
C:\Users\Administrator\Desktop\zeus\Compile\debug\MarkingPosV2.obj
C:\Users\Administrator\Desktop\zeus\Compile\debug\MarkingTouch.obj
C:\Users\Administrator\Desktop\zeus\Compile\debug\MarkingTouchPos.obj
C:\Users\Administrator\Desktop\zeus\Compile\debug\MatchState.obj
C:\Users\Administrator\Desktop\zeus\Compile\debug\matrix.obj
C:\Users\Administrator\Desktop\zeus\Compile\debug\Message.obj
C:\Users\Administrator\Desktop\zeus\Compile\debug\mt.command.1.tlog
C:\Users\Administrator\Desktop\zeus\Compile\debug\mt.read.1.tlog
C:\Users\Administrator\Desktop\zeus\Compile\debug\mt.write.1.tlog
C:\Users\Administrator\Desktop\zeus\Compile\debug\munkres.obj
C:\Users\Administrator\Desktop\zeus\Compile\debug\munkresTacticPositionMatcher.obj
C:\Users\Administrator\Desktop\zeus\Compile\debug\noneTrapzodalVelTrajectory.obj
C:\Users\Administrator\Desktop\zeus\Compile\debug\NormalPlayUtils.obj
C:\Users\Administrator\Desktop\zeus\Compile\debug\obstacle.obj
C:\Users\Administrator\Desktop\zeus\Compile\debug\OppAttributesFactory.obj
C:\Users\Administrator\Desktop\zeus\Compile\debug\OppPlayer.obj
C:\Users\Administrator\Desktop\zeus\Compile\debug\OppRoleFactory.obj
C:\Users\Administrator\Desktop\zeus\Compile\debug\OppRoleMatcher.obj
C:\Users\Administrator\Desktop\zeus\Compile\debug\OptionModule.obj
C:\Users\Administrator\Desktop\zeus\Compile\debug\param.obj
C:\Users\Administrator\Desktop\zeus\Compile\debug\ParamReader.obj
C:\Users\Administrator\Desktop\zeus\Compile\debug\PassBall.obj
C:\Users\Administrator\Desktop\zeus\Compile\debug\path_planner.obj
C:\Users\Administrator\Desktop\zeus\Compile\debug\PathPlanner.obj
C:\Users\Administrator\Desktop\zeus\Compile\debug\PenaltyDefV1.obj
C:\Users\Administrator\Desktop\zeus\Compile\debug\PenaltyDefV2.obj
C:\Users\Administrator\Desktop\zeus\Compile\debug\PenaltyGoalie2012.obj
C:\Users\Administrator\Desktop\zeus\Compile\debug\PenaltyKick2013.obj
C:\Users\Administrator\Desktop\zeus\Compile\debug\PenaltyKick2014.obj
C:\Users\Administrator\Desktop\zeus\Compile\debug\PenaltyPosCleaner.obj
C:\Users\Administrator\Desktop\zeus\Compile\debug\PlayBook.obj
C:\Users\Administrator\Desktop\zeus\Compile\debug\PlayerCommandV2.obj
C:\Users\Administrator\Desktop\zeus\Compile\debug\PlayerTask.obj
C:\Users\Administrator\Desktop\zeus\Compile\debug\PlayInterface.obj
C:\Users\Administrator\Desktop\zeus\Compile\debug\ProtectBall.obj
C:\Users\Administrator\Desktop\zeus\Compile\debug\QuadraticEquation.obj
C:\Users\Administrator\Desktop\zeus\Compile\debug\QuarticEquation.obj
C:\Users\Administrator\Desktop\zeus\Compile\debug\RadioPackets.obj
C:\Users\Administrator\Desktop\zeus\Compile\debug\RadioPacketsLog.obj
C:\Users\Administrator\Desktop\zeus\Compile\debug\ReceivePass.obj
C:\Users\Administrator\Desktop\zeus\Compile\debug\Recognizer.obj
C:\Users\Administrator\Desktop\zeus\Compile\debug\referee.pb.obj
C:\Users\Administrator\Desktop\zeus\Compile\debug\RefereeBoxIf.obj
C:\Users\Administrator\Desktop\zeus\Compile\debug\RobotCapability.obj
C:\Users\Administrator\Desktop\zeus\Compile\debug\RobotPredictError.obj
C:\Users\Administrator\Desktop\zeus\Compile\debug\RobotPredictor.obj
C:\Users\Administrator\Desktop\zeus\Compile\debug\RobotsCollision.obj
C:\Users\Administrator\Desktop\zeus\Compile\debug\RobotSensor.obj
C:\Users\Administrator\Desktop\zeus\Compile\debug\RRTPathPlanner.obj
C:\Users\Administrator\Desktop\zeus\Compile\debug\SerialPort.obj
C:\Users\Administrator\Desktop\zeus\Compile\debug\server_i.obj
C:\Users\Administrator\Desktop\zeus\Compile\debug\ServerInterface.obj
C:\Users\Administrator\Desktop\zeus\Compile\debug\ShootBall.obj
C:\Users\Administrator\Desktop\zeus\Compile\debug\ShootBallV2.obj
C:\Users\Administrator\Desktop\zeus\Compile\debug\ShootRangeList.obj
C:\Users\Administrator\Desktop\zeus\Compile\debug\Simulator.obj
C:\Users\Administrator\Desktop\zeus\Compile\debug\SlowGetBall.obj
C:\Users\Administrator\Desktop\zeus\Compile\debug\SmartGotoPosition.obj
C:\Users\Administrator\Desktop\zeus\Compile\debug\Speed.obj
C:\Users\Administrator\Desktop\zeus\Compile\debug\StopRobot.obj
C:\Users\Administrator\Desktop\zeus\Compile\debug\Tandem.obj
C:\Users\Administrator\Desktop\zeus\Compile\debug\TandemPos.obj
C:\Users\Administrator\Desktop\zeus\Compile\debug\TestCircleBall.obj
C:\Users\Administrator\Desktop\zeus\Compile\debug\TestSkillPlay.obj
C:\Users\Administrator\Desktop\zeus\Compile\debug\TimeCounter.obj
C:\Users\Administrator\Desktop\zeus\Compile\debug\TimeDelayTest.obj
C:\Users\Administrator\Desktop\zeus\Compile\debug\tinystr.obj
C:\Users\Administrator\Desktop\zeus\Compile\debug\tinyxml.obj
C:\Users\Administrator\Desktop\zeus\Compile\debug\tinyxmlerror.obj
C:\Users\Administrator\Desktop\zeus\Compile\debug\tinyxmlparser.obj
C:\Users\Administrator\Desktop\zeus\Compile\debug\TouchKick.obj
C:\Users\Administrator\Desktop\zeus\Compile\debug\TouchKickPos.obj
C:\Users\Administrator\Desktop\zeus\Compile\debug\Trajectory.obj
C:\Users\Administrator\Desktop\zeus\Compile\debug\TrajectoryStructs.obj
C:\Users\Administrator\Desktop\zeus\Compile\debug\TrajectorySupport.obj
C:\Users\Administrator\Desktop\zeus\Compile\debug\TrapezoidalVelTrajectory.obj
C:\Users\Administrator\Desktop\zeus\Compile\debug\Trigger.obj
C:\Users\Administrator\Desktop\zeus\Compile\debug\TTSEngine.obj
C:\Users\Administrator\Desktop\zeus\Compile\debug\UDPSocket.obj
C:\Users\Administrator\Desktop\zeus\Compile\debug\utils.obj
C:\Users\Administrator\Desktop\zeus\Compile\debug\vc100.pdb
C:\Users\Administrator\Desktop\zeus\Compile\debug\VisionLog.obj
C:\Users\Administrator\Desktop\zeus\Compile\debug\VisionModule.obj
C:\Users\Administrator\Desktop\zeus\Compile\debug\VisionReceiver.obj
C:\Users\Administrator\Desktop\zeus\Compile\debug\WaitKickPos.obj
C:\Users\Administrator\Desktop\zeus\Compile\debug\WaitTouch.obj
C:\Users\Administrator\Desktop\zeus\Compile\debug\WirelessModule.obj
C:\Users\Administrator\Desktop\zeus\Compile\debug\WorldModel_basic.obj
C:\Users\Administrator\Desktop\zeus\Compile\debug\WorldModel_lua.obj
C:\Users\Administrator\Desktop\zeus\Compile\debug\WorldModel_utils.obj
C:\Users\Administrator\Desktop\zeus\Compile\debug\XBoxController.obj
C:\Users\Administrator\Desktop\zeus\Compile\debug\Zeus.write.1.tlog
C:\Users\Administrator\Desktop\zeus\Compile\debug\zeus_main.obj
C:\Users\Administrator\Desktop\zeus\Compile\debug\ZeusD.exe.intermediate.manifest
